¿Qué es la iniciativa emprendedora?
¿Por qué es una necesidad eso de emprender?
¿Puede emprender cualquier persona o debe contar con unas características determinadas?
¿Cuál será tu idea de negocio y cómo la evaluarás y seleccionarás?
¿Qué ideas de negocio son viables en tu sector profesional?
¿Qué implicaciones tiene una actividad emprendedora?
¿Objetivos, estrategias, riesgos?
¿Qué es un Plan de Empresa y cuáles son sus partes principales?

1.1.- ¿Qué es?
1.2.- Las barreras para emprender.
1.3.- La necesidad.

2.- La persona emprendedora.
2.1.- ¿Qué hace?
2.2.- Características.
2.3.- Emprendedores y emprendedoras sociales.

3.- La idea de negocio
3.1.- Detectar oportunidades.
3.2.- Características.
3.3.- Generando ideas.
3.4.- Selección de ideas.



























